# JRE version: 7.0_06-b24
# Java VM: Java HotSpot(TM) 64-Bit Server VM (23.2-b09 mixed mode linux-amd64 compressed oops)
Heap
 PSYoungGen      total 9024K, used 2203K [0x00000000f5e00000, 0x00000000f6810000, 0x0000000100000000)
  eden space 7744K, 12% used [0x00000000f5e00000,0x00000000f5eeed40,0x00000000f6590000)
  from space 1280K, 97% used [0x00000000f66d0000,0x00000000f6808020,0x00000000f6810000)
  to   space 1280K, 0% used [0x00000000f6590000,0x00000000f6590000,0x00000000f66d0000)
 ParOldGen       total 20736K, used 2818K [0x00000000e1a00000, 0x00000000e2e40000, 0x00000000f5e00000)
  object space 20736K, 13% used [0x00000000e1a00000,0x00000000e1cc0a40,0x00000000e2e40000)
 PSPermGen       total 21248K, used 15043K [0x00000000dc800000, 0x00000000ddcc0000, 0x00000000e1a00000)
  object space 21248K, 70% used [0x00000000dc800000,0x00000000dd6b0f70,0x00000000ddcc0000)
GC Heap History (4 events):
Event: 13.249 GC heap before
{Heap before GC invocations=1 (full 0):
 PSYoungGen      total 9024K, used 7744K [0x00000000f5e00000, 0x00000000f6810000, 0x0000000100000000)
  eden space 7744K, 100% used [0x00000000f5e00000,0x00000000f6590000,0x00000000f6590000)
  from space 1280K, 0% used [0x00000000f66d0000,0x00000000f66d0000,0x00000000f6810000)
  to   space 1280K, 0% used [0x00000000f6590000,0x00000000f6590000,0x00000000f66d0000)
 ParOldGen       total 20736K, used 0K [0x00000000e1a00000, 0x00000000e2e40000, 0x00000000f5e00000)
  object space 20736K, 0% used [0x00000000e1a00000,0x00000000e1a00000,0x00000000e2e40000)
 PSPermGen       total 21248K, used 13415K [0x00000000dc800000, 0x00000000ddcc0000, 0x00000000e1a00000)
  object space 21248K, 63% used [0x00000000dc800000,0x00000000dd519dd0,0x00000000ddcc0000)
Event: 13.299 GC heap after
Heap after GC invocations=1 (full 0):
 PSYoungGen      total 9024K, used 1280K [0x00000000f5e00000, 0x00000000f6810000, 0x0000000100000000)
  eden space 7744K, 0% used [0x00000000f5e00000,0x00000000f5e00000,0x00000000f6590000)
  from space 1280K, 100% used [0x00000000f6590000,0x00000000f66d0000,0x00000000f66d0000)
  to   space 1280K, 0% used [0x00000000f66d0000,0x00000000f66d0000,0x00000000f6810000)
 ParOldGen       total 20736K, used 1173K [0x00000000e1a00000, 0x00000000e2e40000, 0x00000000f5e00000)
  object space 20736K, 5% used [0x00000000e1a00000,0x00000000e1b25710,0x00000000e2e40000)
 PSPermGen       total 21248K, used 13415K [0x00000000dc800000, 0x00000000ddcc0000, 0x00000000e1a00000)
  object space 21248K, 63% used [0x00000000dc800000,0x00000000dd519dd0,0x00000000ddcc0000)
}
Event: 21.792 GC heap before
{Heap before GC invocations=2 (full 0):
 PSYoungGen      total 9024K, used 9024K [0x00000000f5e00000, 0x00000000f6810000, 0x0000000100000000)
  eden space 7744K, 100% used [0x00000000f5e00000,0x00000000f6590000,0x00000000f6590000)
  from space 1280K, 100% used [0x00000000f6590000,0x00000000f66d0000,0x00000000f66d0000)
  to   space 1280K, 0% used [0x00000000f66d0000,0x00000000f66d0000,0x00000000f6810000)
 ParOldGen       total 20736K, used 1173K [0x00000000e1a00000, 0x00000000e2e40000, 0x00000000f5e00000)
  object space 20736K, 5% used [0x00000000e1a00000,0x00000000e1b25710,0x00000000e2e40000)
 PSPermGen       total 21248K, used 13760K [0x00000000dc800000, 0x00000000ddcc0000, 0x00000000e1a00000)
  object space 21248K, 64% used [0x00000000dc800000,0x00000000dd570250,0x00000000ddcc0000)
Event: 21.802 GC heap after
Heap after GC invocations=2 (full 0):
 PSYoungGen      total 9024K, used 1248K [0x00000000f5e00000, 0x00000000f6810000, 0x0000000100000000)
  eden space 7744K, 0% used [0x00000000f5e00000,0x00000000f5e00000,0x00000000f6590000)
  from space 1280K, 97% used [0x00000000f66d0000,0x00000000f6808020,0x00000000f6810000)
  to   space 1280K, 0% used [0x00000000f6590000,0x00000000f6590000,0x00000000f66d0000)
 ParOldGen       total 20736K, used 2818K [0x00000000e1a00000, 0x00000000e2e40000, 0x00000000f5e00000)
  object space 20736K, 13% used [0x00000000e1a00000,0x00000000e1cc0a40,0x00000000e2e40000)
 PSPermGen       total 21248K, used 13760K [0x00000000dc800000, 0x00000000ddcc0000, 0x00000000e1a00000)
  object space 21248K, 64% used [0x00000000dc800000,0x00000000dd570250,0x00000000ddcc0000)
}

